<?xml version="1.0" encoding="UTF-8"?>
<testsuite xmlns:xsi="http://www.w3.org/2001/XMLSchema-instance" xsi:noNamespaceSchemaLocation="https://maven.apache.org/surefire/maven-surefire-plugin/xsd/surefire-test-report-3.0.xsd" version="3.0" name="cinema.CinemaSystemTest" time="0.111" tests="29" errors="0" skipped="0" failures="0">
  <properties>
[...]
</properties>
  <testcase name="testFilm" classname="cinema.CinemaSystemTest" time="0.067"/>
  <testcase name="testHall" classname="cinema.CinemaSystemTest" time="0.001"/>
  <testcase name="testSeatInitiallyFree" classname="cinema.CinemaSystemTest" time="0.002"/>
  <testcase name="testSeatReserve" classname="cinema.CinemaSystemTest" time="0.0"/>
  <testcase name="testSeatRelease" classname="cinema.CinemaSystemTest" time="0.001"/>
  <testcase name="testSeatDoubleReserveThrows" classname="cinema.CinemaSystemTest" time="0.001"/>
  <testcase name="testUserInheritance" classname="cinema.CinemaSystemTest" time="0.002"/>
  <testcase name="testCustomerTickets" classname="cinema.CinemaSystemTest" time="0.002"/>
  <testcase name="testSeatsGenerated" classname="cinema.CinemaSystemTest" time="0.0"/>
  <testcase name="testPremiumSeats" classname="cinema.CinemaSystemTest" time="0.001"/>
  <testcase name="testCheckAvailabilityInitial" classname="cinema.CinemaSystemTest" time="0.0"/>
  <testcase name="testReserveSeat" classname="cinema.CinemaSystemTest" time="0.001"/>
  <testcase name="testReserveSeatAlreadyTaken" classname="cinema.CinemaSystemTest" time="0.0"/>
  <testcase name="testGetSeatMissing" classname="cinema.CinemaSystemTest" time="0.001"/>
  <testcase name="testConflictSameHallOverlap" classname="cinema.CinemaSystemTest" time="0.001"/>
  <testcase name="testNoConflictDifferentHall" classname="cinema.CinemaSystemTest" time="0.001"/>
  <testcase name="testNoConflictSequential" classname="cinema.CinemaSystemTest" time="0.0"/>
  <testcase name="testTicketPurchased" classname="cinema.CinemaSystemTest" time="0.0"/>
  <testcase name="testTicketRefund" classname="cinema.CinemaSystemTest" time="0.001"/>
  <testcase name="testTicketDoubleRefund" classname="cinema.CinemaSystemTest" time="0.001"/>
  <testcase name="testSingleton" classname="cinema.CinemaSystemTest" time="0.0"/>
  <testcase name="testAddScreening" classname="cinema.CinemaSystemTest" time="0.001"/>
  <testcase name="testHallAvailableEmpty" classname="cinema.CinemaSystemTest" time="0.0"/>
  <testcase name="testHallUnavailableOnConflict" classname="cinema.CinemaSystemTest" time="0.001"/>
  <testcase name="testHallAvailableDifferentHall" classname="cinema.CinemaSystemTest" time="0.0"/>
  <testcase name="testAddScreeningConflictThrows" classname="cinema.CinemaSystemTest" time="0.001"/>
  <testcase name="testAuthenticateOk" classname="cinema.CinemaSystemTest" time="0.0"/>
  <testcase name="testAuthenticateFail" classname="cinema.CinemaSystemTest" time="0.001"/>
  <testcase name="testAuthenticateUnknownUser" classname="cinema.CinemaSystemTest" time="0.0"/>
</testsuite>